2017-10-31 01:26:27,221 0    [http-nio-8080-exec-10] INFO  edu.matc.controller.UserService  - -- starting getMessage --
2017-10-31 01:26:27,232 11   [http-nio-8080-exec-10] INFO  edu.matc.controller.UserService  - -- created UsersDao --
2017-10-31 01:26:27,233 12   [http-nio-8080-exec-10] INFO  edu.matc.persistence.UsersDao  - ----- Entered getAllUsers ----
2017-10-31 01:26:27,611 390  [http-nio-8080-exec-10] INFO  org.hibernate.annotations.common.Version  - HCANN000001: Hibernate Commons Annotations {4.0.5.Final}
2017-10-31 01:26:27,652 431  [http-nio-8080-exec-10] INFO  org.hibernate.Version  - HHH000412: Hibernate Core {4.3.11.Final}
2017-10-31 01:26:27,662 441  [http-nio-8080-exec-10] INFO  org.hibernate.cfg.Environment  - HHH000206: hibernate.properties not found
2017-10-31 01:26:27,672 451  [http-nio-8080-exec-10] INFO  org.hibernate.cfg.Environment  - HHH000021: Bytecode provider name : javassist
2017-10-31 01:26:27,740 519  [http-nio-8080-exec-10] INFO  org.hibernate.cfg.Configuration  - HHH000043: Configuring from resource: /hibernate.cfg.xml
2017-10-31 01:26:27,740 519  [http-nio-8080-exec-10] INFO  org.hibernate.cfg.Configuration  - HHH000040: Configuration resource: /hibernate.cfg.xml
2017-10-31 01:26:27,938 717  [http-nio-8080-exec-10] INFO  org.hibernate.cfg.Configuration  - HHH000041: Configured SessionFactory: null
2017-10-31 01:26:28,244 1023 [http-nio-8080-exec-10] WARN  org.hibernate.engine.jdbc.connections.internal.DriverManagerConnectionProviderImpl  - HHH000402: Using Hibernate built-in connection pool (not for production use!)
2017-10-31 01:26:28,261 1040 [http-nio-8080-exec-10] INFO  org.hibernate.engine.jdbc.connections.internal.DriverManagerConnectionProviderImpl  - HHH000401: using driver [com.mysql.jdbc.Driver] at URL [jdbc:mysql://localhost:3306/sommerBudgetTest]
2017-10-31 01:26:28,265 1044 [http-nio-8080-exec-10] INFO  org.hibernate.engine.jdbc.connections.internal.DriverManagerConnectionProviderImpl  - HHH000046: Connection properties: {user=root, password=****}
2017-10-31 01:26:28,265 1044 [http-nio-8080-exec-10] INFO  org.hibernate.engine.jdbc.connections.internal.DriverManagerConnectionProviderImpl  - HHH000006: Autocommit mode: false
2017-10-31 01:26:28,267 1046 [http-nio-8080-exec-10] INFO  org.hibernate.engine.jdbc.connections.internal.DriverManagerConnectionProviderImpl  - HHH000115: Hibernate connection pool size: 20 (min=1)
2017-10-31 01:26:28,895 1674 [http-nio-8080-exec-10] INFO  org.hibernate.dialect.Dialect  - HHH000400: Using dialect: org.hibernate.dialect.MySQL5Dialect
2017-10-31 01:26:29,377 2156 [http-nio-8080-exec-10] INFO  org.hibernate.engine.transaction.internal.TransactionFactoryInitiator  - HHH000399: Using default transaction strategy (direct JDBC transactions)
2017-10-31 01:26:29,384 2163 [http-nio-8080-exec-10] INFO  org.hibernate.hql.internal.ast.ASTQueryTranslatorFactory  - HHH000397: Using ASTQueryTranslatorFactory
2017-10-31 01:26:30,301 3080 [http-nio-8080-exec-10] INFO  edu.matc.controller.UserService  - -- created list of users --
2017-10-31 01:26:30,302 3081 [http-nio-8080-exec-10] INFO  edu.matc.controller.UserService  - [edu.matc.entity.Users@69e781e7, edu.matc.entity.Users@fbed6be9, edu.matc.entity.Users@76f01780, edu.matc.entity.Users@78b307a0, edu.matc.entity.Users@7a75f7c0, edu.matc.entity.Users@7c38e7e0]
2017-10-31 01:30:34,172 0    [http-nio-8080-exec-1] INFO  edu.matc.controller.UserService  - -- starting getMessage --
2017-10-31 01:30:34,177 5    [http-nio-8080-exec-1] INFO  edu.matc.controller.UserService  - -- created UsersDao --
2017-10-31 01:30:34,177 5    [http-nio-8080-exec-1] INFO  edu.matc.persistence.UsersDao  - ----- Entered getAllUsers ----
2017-10-31 01:30:34,525 353  [http-nio-8080-exec-1] INFO  org.hibernate.annotations.common.Version  - HCANN000001: Hibernate Commons Annotations {4.0.5.Final}
2017-10-31 01:30:34,549 377  [http-nio-8080-exec-1] INFO  org.hibernate.Version  - HHH000412: Hibernate Core {4.3.11.Final}
2017-10-31 01:30:34,562 390  [http-nio-8080-exec-1] INFO  org.hibernate.cfg.Environment  - HHH000206: hibernate.properties not found
2017-10-31 01:30:34,569 397  [http-nio-8080-exec-1] INFO  org.hibernate.cfg.Environment  - HHH000021: Bytecode provider name : javassist
2017-10-31 01:30:34,609 437  [http-nio-8080-exec-1] INFO  org.hibernate.cfg.Configuration  - HHH000043: Configuring from resource: /hibernate.cfg.xml
2017-10-31 01:30:34,610 438  [http-nio-8080-exec-1] INFO  org.hibernate.cfg.Configuration  - HHH000040: Configuration resource: /hibernate.cfg.xml
2017-10-31 01:30:34,749 577  [http-nio-8080-exec-1] INFO  org.hibernate.cfg.Configuration  - HHH000041: Configured SessionFactory: null
2017-10-31 01:30:35,022 850  [http-nio-8080-exec-1] WARN  org.hibernate.engine.jdbc.connections.internal.DriverManagerConnectionProviderImpl  - HHH000402: Using Hibernate built-in connection pool (not for production use!)
2017-10-31 01:30:35,030 858  [http-nio-8080-exec-1] INFO  org.hibernate.engine.jdbc.connections.internal.DriverManagerConnectionProviderImpl  - HHH000401: using driver [com.mysql.jdbc.Driver] at URL [jdbc:mysql://localhost:3306/sommerBudgetTest]
2017-10-31 01:30:35,030 858  [http-nio-8080-exec-1] INFO  org.hibernate.engine.jdbc.connections.internal.DriverManagerConnectionProviderImpl  - HHH000046: Connection properties: {user=root, password=****}
2017-10-31 01:30:35,031 859  [http-nio-8080-exec-1] INFO  org.hibernate.engine.jdbc.connections.internal.DriverManagerConnectionProviderImpl  - HHH000006: Autocommit mode: false
2017-10-31 01:30:35,033 861  [http-nio-8080-exec-1] INFO  org.hibernate.engine.jdbc.connections.internal.DriverManagerConnectionProviderImpl  - HHH000115: Hibernate connection pool size: 20 (min=1)
2017-10-31 01:30:35,599 1427 [http-nio-8080-exec-1] INFO  org.hibernate.dialect.Dialect  - HHH000400: Using dialect: org.hibernate.dialect.MySQL5Dialect
2017-10-31 01:30:36,171 1999 [http-nio-8080-exec-1] INFO  org.hibernate.engine.transaction.internal.TransactionFactoryInitiator  - HHH000399: Using default transaction strategy (direct JDBC transactions)
2017-10-31 01:30:36,195 2023 [http-nio-8080-exec-1] INFO  org.hibernate.hql.internal.ast.ASTQueryTranslatorFactory  - HHH000397: Using ASTQueryTranslatorFactory
2017-10-31 01:30:37,215 3043 [http-nio-8080-exec-1] INFO  edu.matc.controller.UserService  - -- created list of users --
2017-10-31 01:30:37,216 3044 [http-nio-8080-exec-1] INFO  edu.matc.controller.UserService  - [edu.matc.entity.Users@69e781e7, edu.matc.entity.Users@fbed6be9, edu.matc.entity.Users@76f01780, edu.matc.entity.Users@78b307a0, edu.matc.entity.Users@7a75f7c0, edu.matc.entity.Users@7c38e7e0]
2017-10-31 01:41:28,409 1    [http-nio-8080-exec-10] INFO  edu.matc.controller.UserService  - -- starting getMessage --
2017-10-31 01:41:28,414 6    [http-nio-8080-exec-10] INFO  edu.matc.controller.UserService  - -- created UsersDao --
2017-10-31 01:41:28,414 6    [http-nio-8080-exec-10] INFO  edu.matc.persistence.UsersDao  - ----- Entered getAllUsers ----
2017-10-31 01:41:28,770 362  [http-nio-8080-exec-10] INFO  org.hibernate.annotations.common.Version  - HCANN000001: Hibernate Commons Annotations {4.0.5.Final}
2017-10-31 01:41:28,802 394  [http-nio-8080-exec-10] INFO  org.hibernate.Version  - HHH000412: Hibernate Core {4.3.11.Final}
2017-10-31 01:41:28,815 407  [http-nio-8080-exec-10] INFO  org.hibernate.cfg.Environment  - HHH000206: hibernate.properties not found
2017-10-31 01:41:28,818 410  [http-nio-8080-exec-10] INFO  org.hibernate.cfg.Environment  - HHH000021: Bytecode provider name : javassist
2017-10-31 01:41:28,894 486  [http-nio-8080-exec-10] INFO  org.hibernate.cfg.Configuration  - HHH000043: Configuring from resource: /hibernate.cfg.xml
2017-10-31 01:41:28,894 486  [http-nio-8080-exec-10] INFO  org.hibernate.cfg.Configuration  - HHH000040: Configuration resource: /hibernate.cfg.xml
2017-10-31 01:41:29,069 661  [http-nio-8080-exec-10] INFO  org.hibernate.cfg.Configuration  - HHH000041: Configured SessionFactory: null
2017-10-31 01:41:29,370 962  [http-nio-8080-exec-10] WARN  org.hibernate.engine.jdbc.connections.internal.DriverManagerConnectionProviderImpl  - HHH000402: Using Hibernate built-in connection pool (not for production use!)
2017-10-31 01:41:29,376 968  [http-nio-8080-exec-10] INFO  org.hibernate.engine.jdbc.connections.internal.DriverManagerConnectionProviderImpl  - HHH000401: using driver [com.mysql.jdbc.Driver] at URL [jdbc:mysql://localhost:3306/sommerBudgetTest]
2017-10-31 01:41:29,379 971  [http-nio-8080-exec-10] INFO  org.hibernate.engine.jdbc.connections.internal.DriverManagerConnectionProviderImpl  - HHH000046: Connection properties: {user=root, password=****}
2017-10-31 01:41:29,380 972  [http-nio-8080-exec-10] INFO  org.hibernate.engine.jdbc.connections.internal.DriverManagerConnectionProviderImpl  - HHH000006: Autocommit mode: false
2017-10-31 01:41:29,381 973  [http-nio-8080-exec-10] INFO  org.hibernate.engine.jdbc.connections.internal.DriverManagerConnectionProviderImpl  - HHH000115: Hibernate connection pool size: 20 (min=1)
2017-10-31 01:41:30,428 2020 [http-nio-8080-exec-10] INFO  org.hibernate.dialect.Dialect  - HHH000400: Using dialect: org.hibernate.dialect.MySQL5Dialect
2017-10-31 01:41:31,052 2644 [http-nio-8080-exec-10] INFO  org.hibernate.engine.transaction.internal.TransactionFactoryInitiator  - HHH000399: Using default transaction strategy (direct JDBC transactions)
2017-10-31 01:41:31,070 2662 [http-nio-8080-exec-10] INFO  org.hibernate.hql.internal.ast.ASTQueryTranslatorFactory  - HHH000397: Using ASTQueryTranslatorFactory
2017-10-31 01:41:32,192 3784 [http-nio-8080-exec-10] INFO  edu.matc.controller.UserService  - -- created list of users --
2017-10-31 01:41:32,197 3789 [http-nio-8080-exec-10] INFO  edu.matc.controller.UserService  - [edu.matc.entity.Users@69e781e7, edu.matc.entity.Users@fbed6be9, edu.matc.entity.Users@76f01780, edu.matc.entity.Users@78b307a0, edu.matc.entity.Users@7a75f7c0, edu.matc.entity.Users@7c38e7e0]
2017-10-31 01:41:41,020 12612 [http-nio-8080-exec-1] INFO  edu.matc.controller.UserService  - -- starting getMessage --
2017-10-31 01:41:41,022 12614 [http-nio-8080-exec-1] INFO  edu.matc.controller.UserService  - -- created UsersDao --
2017-10-31 01:41:41,022 12614 [http-nio-8080-exec-1] INFO  edu.matc.persistence.UsersDao  - ----- Entered getAllUsers ----
2017-10-31 01:41:41,062 12654 [http-nio-8080-exec-1] INFO  edu.matc.controller.UserService  - -- created list of users --
2017-10-31 01:41:41,063 12655 [http-nio-8080-exec-1] INFO  edu.matc.controller.UserService  - [edu.matc.entity.Users@69e781e7, edu.matc.entity.Users@fbed6be9, edu.matc.entity.Users@76f01780, edu.matc.entity.Users@78b307a0, edu.matc.entity.Users@7a75f7c0, edu.matc.entity.Users@7c38e7e0]
2017-10-31 01:43:47,567 0    [http-nio-8080-exec-10] INFO  edu.matc.controller.UserService  - -- starting getMessage --
2017-10-31 01:43:47,581 14   [http-nio-8080-exec-10] INFO  edu.matc.controller.UserService  - -- created UsersDao --
2017-10-31 01:43:47,581 14   [http-nio-8080-exec-10] INFO  edu.matc.persistence.UsersDao  - ----- Entered getAllUsers ----
2017-10-31 01:43:47,959 392  [http-nio-8080-exec-10] INFO  org.hibernate.annotations.common.Version  - HCANN000001: Hibernate Commons Annotations {4.0.5.Final}
2017-10-31 01:43:48,000 433  [http-nio-8080-exec-10] INFO  org.hibernate.Version  - HHH000412: Hibernate Core {4.3.11.Final}
2017-10-31 01:43:48,006 439  [http-nio-8080-exec-10] INFO  org.hibernate.cfg.Environment  - HHH000206: hibernate.properties not found
2017-10-31 01:43:48,029 462  [http-nio-8080-exec-10] INFO  org.hibernate.cfg.Environment  - HHH000021: Bytecode provider name : javassist
2017-10-31 01:43:48,092 525  [http-nio-8080-exec-10] INFO  org.hibernate.cfg.Configuration  - HHH000043: Configuring from resource: /hibernate.cfg.xml
2017-10-31 01:43:48,092 525  [http-nio-8080-exec-10] INFO  org.hibernate.cfg.Configuration  - HHH000040: Configuration resource: /hibernate.cfg.xml
2017-10-31 01:43:48,205 638  [http-nio-8080-exec-10] INFO  org.hibernate.cfg.Configuration  - HHH000041: Configured SessionFactory: null
2017-10-31 01:43:48,513 946  [http-nio-8080-exec-10] WARN  org.hibernate.engine.jdbc.connections.internal.DriverManagerConnectionProviderImpl  - HHH000402: Using Hibernate built-in connection pool (not for production use!)
2017-10-31 01:43:48,518 951  [http-nio-8080-exec-10] INFO  org.hibernate.engine.jdbc.connections.internal.DriverManagerConnectionProviderImpl  - HHH000401: using driver [com.mysql.jdbc.Driver] at URL [jdbc:mysql://localhost:3306/sommerBudgetTest]
2017-10-31 01:43:48,518 951  [http-nio-8080-exec-10] INFO  org.hibernate.engine.jdbc.connections.internal.DriverManagerConnectionProviderImpl  - HHH000046: Connection properties: {user=root, password=****}
2017-10-31 01:43:48,518 951  [http-nio-8080-exec-10] INFO  org.hibernate.engine.jdbc.connections.internal.DriverManagerConnectionProviderImpl  - HHH000006: Autocommit mode: false
2017-10-31 01:43:48,522 955  [http-nio-8080-exec-10] INFO  org.hibernate.engine.jdbc.connections.internal.DriverManagerConnectionProviderImpl  - HHH000115: Hibernate connection pool size: 20 (min=1)
2017-10-31 01:43:49,069 1502 [http-nio-8080-exec-10] INFO  org.hibernate.dialect.Dialect  - HHH000400: Using dialect: org.hibernate.dialect.MySQL5Dialect
2017-10-31 01:43:49,673 2106 [http-nio-8080-exec-10] INFO  org.hibernate.engine.transaction.internal.TransactionFactoryInitiator  - HHH000399: Using default transaction strategy (direct JDBC transactions)
2017-10-31 01:43:49,690 2123 [http-nio-8080-exec-10] INFO  org.hibernate.hql.internal.ast.ASTQueryTranslatorFactory  - HHH000397: Using ASTQueryTranslatorFactory
2017-10-31 01:43:51,026 3459 [http-nio-8080-exec-10] INFO  edu.matc.controller.UserService  - -- created list of users --
2017-10-31 01:43:51,027 3460 [http-nio-8080-exec-10] INFO  edu.matc.controller.UserService  - [edu.matc.entity.Users@69e781e7, edu.matc.entity.Users@fbed6be9, edu.matc.entity.Users@76f01780, edu.matc.entity.Users@78b307a0, edu.matc.entity.Users@7a75f7c0, edu.matc.entity.Users@7c38e7e0]
2017-10-31 01:44:12,774 25207 [http-nio-8080-exec-4] INFO  edu.matc.controller.UserService  - -- starting getMessage --
2017-10-31 01:44:12,775 25208 [http-nio-8080-exec-4] INFO  edu.matc.controller.UserService  - -- created UsersDao --
2017-10-31 01:44:12,775 25208 [http-nio-8080-exec-4] INFO  edu.matc.persistence.UsersDao  - ----- Entered getAllUsers ----
2017-10-31 01:44:12,792 25225 [http-nio-8080-exec-4] INFO  edu.matc.controller.UserService  - -- created list of users --
2017-10-31 01:44:12,792 25225 [http-nio-8080-exec-4] INFO  edu.matc.controller.UserService  - [edu.matc.entity.Users@69e781e7, edu.matc.entity.Users@fbed6be9, edu.matc.entity.Users@76f01780, edu.matc.entity.Users@78b307a0, edu.matc.entity.Users@7a75f7c0, edu.matc.entity.Users@7c38e7e0]
2017-10-31 02:21:10,944 0    [http-nio-8080-exec-10] INFO  edu.matc.controller.UserService  - -- starting getMessage --
2017-10-31 02:21:10,950 6    [http-nio-8080-exec-10] INFO  edu.matc.controller.UserService  - -- created UsersDao --
2017-10-31 02:21:10,952 8    [http-nio-8080-exec-10] INFO  edu.matc.persistence.UsersDao  - ----- Entered getAllUsers ----
2017-10-31 02:21:11,387 443  [http-nio-8080-exec-10] INFO  org.hibernate.annotations.common.Version  - HCANN000001: Hibernate Commons Annotations {4.0.5.Final}
2017-10-31 02:21:11,415 471  [http-nio-8080-exec-10] INFO  org.hibernate.Version  - HHH000412: Hibernate Core {4.3.11.Final}
2017-10-31 02:21:11,440 496  [http-nio-8080-exec-10] INFO  org.hibernate.cfg.Environment  - HHH000206: hibernate.properties not found
2017-10-31 02:21:11,445 501  [http-nio-8080-exec-10] INFO  org.hibernate.cfg.Environment  - HHH000021: Bytecode provider name : javassist
2017-10-31 02:21:11,509 565  [http-nio-8080-exec-10] INFO  org.hibernate.cfg.Configuration  - HHH000043: Configuring from resource: /hibernate.cfg.xml
2017-10-31 02:21:11,509 565  [http-nio-8080-exec-10] INFO  org.hibernate.cfg.Configuration  - HHH000040: Configuration resource: /hibernate.cfg.xml
2017-10-31 02:21:11,700 756  [http-nio-8080-exec-10] INFO  org.hibernate.cfg.Configuration  - HHH000041: Configured SessionFactory: null
2017-10-31 02:21:12,061 1117 [http-nio-8080-exec-10] WARN  org.hibernate.engine.jdbc.connections.internal.DriverManagerConnectionProviderImpl  - HHH000402: Using Hibernate built-in connection pool (not for production use!)
2017-10-31 02:21:12,068 1124 [http-nio-8080-exec-10] INFO  org.hibernate.engine.jdbc.connections.internal.DriverManagerConnectionProviderImpl  - HHH000401: using driver [com.mysql.jdbc.Driver] at URL [jdbc:mysql://localhost:3306/sommerBudgetTest]
2017-10-31 02:21:12,068 1124 [http-nio-8080-exec-10] INFO  org.hibernate.engine.jdbc.connections.internal.DriverManagerConnectionProviderImpl  - HHH000046: Connection properties: {user=root, password=****}
2017-10-31 02:21:12,068 1124 [http-nio-8080-exec-10] INFO  org.hibernate.engine.jdbc.connections.internal.DriverManagerConnectionProviderImpl  - HHH000006: Autocommit mode: false
2017-10-31 02:21:12,070 1126 [http-nio-8080-exec-10] INFO  org.hibernate.engine.jdbc.connections.internal.DriverManagerConnectionProviderImpl  - HHH000115: Hibernate connection pool size: 20 (min=1)
2017-10-31 02:21:12,727 1783 [http-nio-8080-exec-10] INFO  org.hibernate.dialect.Dialect  - HHH000400: Using dialect: org.hibernate.dialect.MySQL5Dialect
2017-10-31 02:21:13,428 2484 [http-nio-8080-exec-10] INFO  org.hibernate.engine.transaction.internal.TransactionFactoryInitiator  - HHH000399: Using default transaction strategy (direct JDBC transactions)
2017-10-31 02:21:13,441 2497 [http-nio-8080-exec-10] INFO  org.hibernate.hql.internal.ast.ASTQueryTranslatorFactory  - HHH000397: Using ASTQueryTranslatorFactory
2017-10-31 02:21:14,589 3645 [http-nio-8080-exec-10] INFO  edu.matc.controller.UserService  - -- created list of users --
2017-10-31 02:21:14,593 3649 [http-nio-8080-exec-10] INFO  edu.matc.controller.UserService  - [edu.matc.entity.Users@69e781e7, edu.matc.entity.Users@fbed6be9, edu.matc.entity.Users@76f01780, edu.matc.entity.Users@78b307a0, edu.matc.entity.Users@7a75f7c0, edu.matc.entity.Users@7c38e7e0]
2017-11-01 17:29:26,874 0    [http-nio-8080-exec-1] INFO  edu.matc.controller.UserService  - -- starting getMessage --
2017-11-01 17:29:26,882 8    [http-nio-8080-exec-1] INFO  edu.matc.controller.UserService  - -- created UsersDao --
2017-11-01 17:29:26,882 8    [http-nio-8080-exec-1] INFO  edu.matc.persistence.UsersDao  - ----- Entered getAllUsers ----
2017-11-01 17:29:27,098 224  [http-nio-8080-exec-1] INFO  org.hibernate.annotations.common.Version  - HCANN000001: Hibernate Commons Annotations {4.0.5.Final}
2017-11-01 17:29:27,130 256  [http-nio-8080-exec-1] INFO  org.hibernate.Version  - HHH000412: Hibernate Core {4.3.11.Final}
2017-11-01 17:29:27,137 263  [http-nio-8080-exec-1] INFO  org.hibernate.cfg.Environment  - HHH000206: hibernate.properties not found
2017-11-01 17:29:27,144 270  [http-nio-8080-exec-1] INFO  org.hibernate.cfg.Environment  - HHH000021: Bytecode provider name : javassist
2017-11-01 17:29:27,204 330  [http-nio-8080-exec-1] INFO  org.hibernate.cfg.Configuration  - HHH000043: Configuring from resource: /hibernate.cfg.xml
2017-11-01 17:29:27,207 333  [http-nio-8080-exec-1] INFO  org.hibernate.cfg.Configuration  - HHH000040: Configuration resource: /hibernate.cfg.xml
2017-11-01 17:29:27,287 413  [http-nio-8080-exec-1] INFO  org.hibernate.cfg.Configuration  - HHH000041: Configured SessionFactory: null
2017-11-01 17:29:27,465 591  [http-nio-8080-exec-1] WARN  org.hibernate.engine.jdbc.connections.internal.DriverManagerConnectionProviderImpl  - HHH000402: Using Hibernate built-in connection pool (not for production use!)
2017-11-01 17:29:27,475 601  [http-nio-8080-exec-1] INFO  org.hibernate.engine.jdbc.connections.internal.DriverManagerConnectionProviderImpl  - HHH000401: using driver [com.mysql.jdbc.Driver] at URL [jdbc:mysql://localhost:3306/sommerBudgetTest]
2017-11-01 17:29:27,476 602  [http-nio-8080-exec-1] INFO  org.hibernate.engine.jdbc.connections.internal.DriverManagerConnectionProviderImpl  - HHH000046: Connection properties: {user=root, password=****}
2017-11-01 17:29:27,476 602  [http-nio-8080-exec-1] INFO  org.hibernate.engine.jdbc.connections.internal.DriverManagerConnectionProviderImpl  - HHH000006: Autocommit mode: false
2017-11-01 17:29:27,478 604  [http-nio-8080-exec-1] INFO  org.hibernate.engine.jdbc.connections.internal.DriverManagerConnectionProviderImpl  - HHH000115: Hibernate connection pool size: 20 (min=1)
2017-11-01 17:29:27,842 968  [http-nio-8080-exec-1] INFO  org.hibernate.dialect.Dialect  - HHH000400: Using dialect: org.hibernate.dialect.MySQL5Dialect
2017-11-01 17:29:28,260 1386 [http-nio-8080-exec-1] INFO  org.hibernate.engine.transaction.internal.TransactionFactoryInitiator  - HHH000399: Using default transaction strategy (direct JDBC transactions)
2017-11-01 17:29:28,272 1398 [http-nio-8080-exec-1] INFO  org.hibernate.hql.internal.ast.ASTQueryTranslatorFactory  - HHH000397: Using ASTQueryTranslatorFactory
2017-11-01 17:29:28,963 2089 [http-nio-8080-exec-1] INFO  edu.matc.controller.UserService  - -- created list of users --
2017-11-01 17:29:28,965 2091 [http-nio-8080-exec-1] INFO  edu.matc.controller.UserService  - [edu.matc.entity.Users@69e781e7, edu.matc.entity.Users@fbed6be9, edu.matc.entity.Users@76f01780, edu.matc.entity.Users@78b307a0, edu.matc.entity.Users@7a75f7c0, edu.matc.entity.Users@7c38e7e0]
2017-11-01 17:33:13,479 0    [http-nio-8080-exec-10] INFO  edu.matc.controller.UserService  - -- starting getMessage --
2017-11-01 17:33:13,484 5    [http-nio-8080-exec-10] INFO  edu.matc.controller.UserService  - -- created UsersDao --
2017-11-01 17:33:13,484 5    [http-nio-8080-exec-10] INFO  edu.matc.persistence.UsersDao  - ----- Entered getAllUsers ----
2017-11-01 17:33:13,703 224  [http-nio-8080-exec-10] INFO  org.hibernate.annotations.common.Version  - HCANN000001: Hibernate Commons Annotations {4.0.5.Final}
2017-11-01 17:33:13,725 246  [http-nio-8080-exec-10] INFO  org.hibernate.Version  - HHH000412: Hibernate Core {4.3.11.Final}
2017-11-01 17:33:13,731 252  [http-nio-8080-exec-10] INFO  org.hibernate.cfg.Environment  - HHH000206: hibernate.properties not found
2017-11-01 17:33:13,747 268  [http-nio-8080-exec-10] INFO  org.hibernate.cfg.Environment  - HHH000021: Bytecode provider name : javassist
2017-11-01 17:33:13,824 345  [http-nio-8080-exec-10] INFO  org.hibernate.cfg.Configuration  - HHH000043: Configuring from resource: /hibernate.cfg.xml
2017-11-01 17:33:13,826 347  [http-nio-8080-exec-10] INFO  org.hibernate.cfg.Configuration  - HHH000040: Configuration resource: /hibernate.cfg.xml
2017-11-01 17:33:13,973 494  [http-nio-8080-exec-10] INFO  org.hibernate.cfg.Configuration  - HHH000041: Configured SessionFactory: null
2017-11-01 17:33:14,139 660  [http-nio-8080-exec-10] WARN  org.hibernate.engine.jdbc.connections.internal.DriverManagerConnectionProviderImpl  - HHH000402: Using Hibernate built-in connection pool (not for production use!)
2017-11-01 17:33:14,153 674  [http-nio-8080-exec-10] INFO  org.hibernate.engine.jdbc.connections.internal.DriverManagerConnectionProviderImpl  - HHH000401: using driver [com.mysql.jdbc.Driver] at URL [jdbc:mysql://localhost:3306/sommerBudgetTest]
2017-11-01 17:33:14,154 675  [http-nio-8080-exec-10] INFO  org.hibernate.engine.jdbc.connections.internal.DriverManagerConnectionProviderImpl  - HHH000046: Connection properties: {user=root, password=****}
2017-11-01 17:33:14,154 675  [http-nio-8080-exec-10] INFO  org.hibernate.engine.jdbc.connections.internal.DriverManagerConnectionProviderImpl  - HHH000006: Autocommit mode: false
2017-11-01 17:33:14,155 676  [http-nio-8080-exec-10] INFO  org.hibernate.engine.jdbc.connections.internal.DriverManagerConnectionProviderImpl  - HHH000115: Hibernate connection pool size: 20 (min=1)
2017-11-01 17:33:14,510 1031 [http-nio-8080-exec-10] INFO  org.hibernate.dialect.Dialect  - HHH000400: Using dialect: org.hibernate.dialect.MySQL5Dialect
2017-11-01 17:33:14,967 1488 [http-nio-8080-exec-10] INFO  org.hibernate.engine.transaction.internal.TransactionFactoryInitiator  - HHH000399: Using default transaction strategy (direct JDBC transactions)
2017-11-01 17:33:14,972 1493 [http-nio-8080-exec-10] INFO  org.hibernate.hql.internal.ast.ASTQueryTranslatorFactory  - HHH000397: Using ASTQueryTranslatorFactory
2017-11-01 17:33:15,672 2193 [http-nio-8080-exec-10] INFO  edu.matc.controller.UserService  - -- created list of users --
2017-11-01 17:33:15,673 2194 [http-nio-8080-exec-10] INFO  edu.matc.controller.UserService  - [edu.matc.entity.Users@69e781e7, edu.matc.entity.Users@fbed6be9, edu.matc.entity.Users@76f01780, edu.matc.entity.Users@78b307a0, edu.matc.entity.Users@7a75f7c0, edu.matc.entity.Users@7c38e7e0]
2017-11-01 17:56:34,403 0    [http-nio-8080-exec-1] INFO  edu.matc.controller.UserService  - -- starting getMessage --
2017-11-01 17:56:34,405 2    [http-nio-8080-exec-1] INFO  edu.matc.controller.UserService  - -- created UsersDao --
2017-11-01 17:56:34,405 2    [http-nio-8080-exec-1] INFO  edu.matc.persistence.UsersDao  - ----- Entered getAllUsers ----
2017-11-01 17:56:34,602 199  [http-nio-8080-exec-1] INFO  org.hibernate.annotations.common.Version  - HCANN000001: Hibernate Commons Annotations {4.0.5.Final}
2017-11-01 17:56:34,631 228  [http-nio-8080-exec-1] INFO  org.hibernate.Version  - HHH000412: Hibernate Core {4.3.11.Final}
2017-11-01 17:56:34,637 234  [http-nio-8080-exec-1] INFO  org.hibernate.cfg.Environment  - HHH000206: hibernate.properties not found
2017-11-01 17:56:34,638 235  [http-nio-8080-exec-1] INFO  org.hibernate.cfg.Environment  - HHH000021: Bytecode provider name : javassist
2017-11-01 17:56:34,686 283  [http-nio-8080-exec-1] INFO  org.hibernate.cfg.Configuration  - HHH000043: Configuring from resource: /hibernate.cfg.xml
2017-11-01 17:56:34,687 284  [http-nio-8080-exec-1] INFO  org.hibernate.cfg.Configuration  - HHH000040: Configuration resource: /hibernate.cfg.xml
2017-11-01 17:56:34,782 379  [http-nio-8080-exec-1] INFO  org.hibernate.cfg.Configuration  - HHH000041: Configured SessionFactory: null
2017-11-01 17:56:34,935 532  [http-nio-8080-exec-1] WARN  org.hibernate.engine.jdbc.connections.internal.DriverManagerConnectionProviderImpl  - HHH000402: Using Hibernate built-in connection pool (not for production use!)
2017-11-01 17:56:34,941 538  [http-nio-8080-exec-1] INFO  org.hibernate.engine.jdbc.connections.internal.DriverManagerConnectionProviderImpl  - HHH000401: using driver [com.mysql.jdbc.Driver] at URL [jdbc:mysql://localhost:3306/sommerBudgetTest]
2017-11-01 17:56:34,941 538  [http-nio-8080-exec-1] INFO  org.hibernate.engine.jdbc.connections.internal.DriverManagerConnectionProviderImpl  - HHH000046: Connection properties: {user=root, password=****}
2017-11-01 17:56:34,941 538  [http-nio-8080-exec-1] INFO  org.hibernate.engine.jdbc.connections.internal.DriverManagerConnectionProviderImpl  - HHH000006: Autocommit mode: false
2017-11-01 17:56:34,945 542  [http-nio-8080-exec-1] INFO  org.hibernate.engine.jdbc.connections.internal.DriverManagerConnectionProviderImpl  - HHH000115: Hibernate connection pool size: 20 (min=1)
2017-11-01 17:56:35,269 866  [http-nio-8080-exec-1] INFO  org.hibernate.dialect.Dialect  - HHH000400: Using dialect: org.hibernate.dialect.MySQL5Dialect
2017-11-01 17:56:35,538 1135 [http-nio-8080-exec-1] INFO  org.hibernate.engine.transaction.internal.TransactionFactoryInitiator  - HHH000399: Using default transaction strategy (direct JDBC transactions)
2017-11-01 17:56:35,542 1139 [http-nio-8080-exec-1] INFO  org.hibernate.hql.internal.ast.ASTQueryTranslatorFactory  - HHH000397: Using ASTQueryTranslatorFactory
2017-11-01 17:56:36,138 1735 [http-nio-8080-exec-1] INFO  edu.matc.controller.UserService  - -- created list of users --
2017-11-01 17:56:36,142 1739 [http-nio-8080-exec-1] INFO  edu.matc.controller.UserService  - [edu.matc.entity.Users@69e781e7, edu.matc.entity.Users@fbed6be9, edu.matc.entity.Users@76f01780, edu.matc.entity.Users@78b307a0, edu.matc.entity.Users@7a75f7c0, edu.matc.entity.Users@7c38e7e0]
